<?xml version="1.0" encoding="UTF-8"?>
<!-- Generated by org.testng.reporters.JUnitReportReporter -->
<testsuite skipped="0" hostname="DESKTOP-N308L1J" name="test.LoginTest" tests="1" failures="0" timestamp="09 Oct 2021 15:48:22 GMT" time="15.529" errors="0">
  <testcase name="validUserShouldBeAbleToLogin" time="15.529" classname="test.LoginTest"/>
</testsuite> <!-- test.LoginTest -->
