<?xml version="1.0" encoding="UTF-8"?>
<!-- Generated by org.testng.reporters.JUnitReportReporter -->
<testsuite skipped="0" hostname="DESKTOP-N308L1J" name="test.AddContactTest" tests="1" failures="0" timestamp="09 Oct 2021 18:13:57 GMT" time="21.196" errors="0">
  <testcase name="validUserShouldBeAbleToAddCustomer" time="21.196" classname="test.AddContactTest"/>
</testsuite> <!-- test.AddContactTest -->
